TN:
SF:server.js
FN:13,(anonymous_0)
FN:18,(anonymous_1)
FN:26,start
FN:27,(anonymous_3)
FNF:4
FNH:2
FNDA:1,(anonymous_0)
FNDA:1,(anonymous_1)
FNDA:0,start
FNDA:0,(anonymous_3)
DA:3,1
DA:4,1
DA:5,1
DA:6,1
DA:7,1
DA:9,1
DA:10,1
DA:13,1
DA:14,1
DA:15,1
DA:18,1
DA:19,1
DA:20,1
DA:21,1
DA:24,1
DA:27,0
DA:28,0
DA:32,1
LF:18
LH:16
BRF:0
BRH:0
end_of_record
TN:
SF:error-handlers/500.js
FN:3,(anonymous_0)
FNF:1
FNH:1
FNDA:1,(anonymous_0)
DA:3,1
DA:4,1
DA:8,1
LF:3
LH:3
BRDA:6,0,0,1
BRDA:6,0,1,1
BRF:2
BRH:2
end_of_record
TN:
SF:middlewares/validate-number.js
FN:3,(anonymous_0)
FN:4,(anonymous_1)
FNF:2
FNH:2
FNDA:1,(anonymous_0)
FNDA:2,(anonymous_1)
DA:3,1
DA:4,1
DA:5,2
DA:6,1
DA:8,1
DA:9,1
LF:6
LH:6
BRDA:5,0,0,1
BRDA:5,0,1,1
BRF:2
BRH:2
end_of_record
